17:58:46.494 INFO - Java: Sun Microsystems Inc. 19.0-b06
17:58:46.504 INFO - OS: Linux 2.6.36-gentoo-r5 amd64
17:58:46.516 INFO - v2.0 [a2], with Core v2.0 [a2]
17:58:46.527 INFO - Java: Sun Microsystems Inc. 19.0-b06
17:58:46.528 INFO - OS: Linux 2.6.36-gentoo-r5 amd64
17:58:46.534 INFO - v2.0 [a2], with Core v2.0 [a2]
17:58:46.706 INFO - RemoteWebDriver instances should connect to: http://192.168.0.101:4444/wd/hub
17:58:46.706 INFO - RemoteWebDriver instances should connect to: http://192.168.0.101:4444/wd/hub
17:58:46.707 INFO - Version Jetty/5.1.x
17:58:46.707 INFO - Version Jetty/5.1.x
17:58:46.708 INFO - Started HttpContext[/selenium-server/driver,/selenium-server/driver]
17:58:46.708 INFO - Started HttpContext[/selenium-server/driver,/selenium-server/driver]
17:58:46.709 INFO - Started HttpContext[/selenium-server,/selenium-server]
17:58:46.709 INFO - Started HttpContext[/selenium-server,/selenium-server]
17:58:46.709 INFO - Started HttpContext[/,/]
17:58:46.709 INFO - Started HttpContext[/,/]
17:58:46.731 INFO - Started org.openqa.jetty.jetty.servlet.ServletHandler@2ca6d51e
17:58:46.731 INFO - Started HttpContext[/wd,/wd]
17:58:46.750 INFO - Started SocketListener on 0.0.0.0:4444
17:58:46.750 INFO - Started org.openqa.jetty.jetty.Server@9d04653
17:58:50.820 INFO - Started org.openqa.jetty.jetty.servlet.ServletHandler@7cf1bb78
17:58:50.821 INFO - Started HttpContext[/wd,/wd]
18:03:12.761 INFO - Java: Sun Microsystems Inc. 19.0-b06
18:03:12.762 INFO - OS: Linux 2.6.36-gentoo-r5 amd64
18:03:12.767 INFO - v2.0 [a2], with Core v2.0 [a2]
18:03:12.831 INFO - RemoteWebDriver instances should connect to: http://192.168.0.101:4444/wd/hub
18:03:12.832 INFO - Version Jetty/5.1.x
18:03:12.832 INFO - Started HttpContext[/selenium-server/driver,/selenium-server/driver]
18:03:12.833 INFO - Started HttpContext[/selenium-server,/selenium-server]
18:03:12.833 INFO - Started HttpContext[/,/]
18:03:12.842 INFO - Started org.openqa.jetty.jetty.servlet.ServletHandler@2ca6d51e
18:03:12.842 INFO - Started HttpContext[/wd,/wd]
18:03:13.500 INFO - Java: Sun Microsystems Inc. 19.0-b06
18:03:13.501 INFO - OS: Linux 2.6.36-gentoo-r5 amd64
18:03:13.506 INFO - v2.0 [a2], with Core v2.0 [a2]
18:03:13.565 INFO - RemoteWebDriver instances should connect to: http://192.168.0.101:4444/wd/hub
18:03:13.566 INFO - Version Jetty/5.1.x
18:03:13.566 INFO - Started HttpContext[/selenium-server/driver,/selenium-server/driver]
18:03:13.567 INFO - Started HttpContext[/selenium-server,/selenium-server]
18:03:13.567 INFO - Started HttpContext[/,/]
18:03:16.653 INFO - Started org.openqa.jetty.jetty.servlet.ServletHandler@7f2a3793
18:03:16.653 INFO - Started HttpContext[/wd,/wd]
18:03:34.410 INFO - Java: Sun Microsystems Inc. 19.0-b06
18:03:34.411 INFO - OS: Linux 2.6.36-gentoo-r5 amd64
18:03:34.416 INFO - v2.0 [a2], with Core v2.0 [a2]
18:03:34.479 INFO - RemoteWebDriver instances should connect to: http://192.168.0.101:4444/wd/hub
18:03:34.480 INFO - Version Jetty/5.1.x
18:03:34.480 INFO - Started HttpContext[/selenium-server/driver,/selenium-server/driver]
18:03:34.481 INFO - Started HttpContext[/selenium-server,/selenium-server]
18:03:34.481 INFO - Started HttpContext[/,/]
18:03:35.149 INFO - Java: Sun Microsystems Inc. 19.0-b06
18:03:35.150 INFO - OS: Linux 2.6.36-gentoo-r5 amd64
18:03:35.155 INFO - v2.0 [a2], with Core v2.0 [a2]
18:03:35.214 INFO - RemoteWebDriver instances should connect to: http://192.168.0.101:4444/wd/hub
18:03:35.215 INFO - Version Jetty/5.1.x
18:03:35.215 INFO - Started HttpContext[/selenium-server/driver,/selenium-server/driver]
18:03:35.216 INFO - Started HttpContext[/selenium-server,/selenium-server]
18:03:35.216 INFO - Started HttpContext[/,/]
18:03:38.777 INFO - Started org.openqa.jetty.jetty.servlet.ServletHandler@2ca6d51e
18:03:38.777 INFO - Started HttpContext[/wd,/wd]
18:03:39.689 INFO - Started org.openqa.jetty.jetty.servlet.ServletHandler@7cf1bb78
18:03:39.689 INFO - Started HttpContext[/wd,/wd]
18:04:09.250 INFO - Java: Sun Microsystems Inc. 19.0-b06
18:04:09.251 INFO - OS: Linux 2.6.36-gentoo-r5 amd64
18:04:09.257 INFO - v2.0 [a2], with Core v2.0 [a2]
18:04:09.320 INFO - RemoteWebDriver instances should connect to: http://192.168.0.101:4444/wd/hub
18:04:09.321 INFO - Version Jetty/5.1.x
18:04:09.322 INFO - Started HttpContext[/selenium-server/driver,/selenium-server/driver]
18:04:09.322 INFO - Started HttpContext[/selenium-server,/selenium-server]
18:04:09.322 INFO - Started HttpContext[/,/]
18:04:09.980 INFO - Java: Sun Microsystems Inc. 19.0-b06
18:04:09.981 INFO - OS: Linux 2.6.36-gentoo-r5 amd64
18:04:09.986 INFO - v2.0 [a2], with Core v2.0 [a2]
18:04:10.045 INFO - RemoteWebDriver instances should connect to: http://192.168.0.101:4444/wd/hub
18:04:10.046 INFO - Version Jetty/5.1.x
18:04:10.047 INFO - Started HttpContext[/selenium-server/driver,/selenium-server/driver]
18:04:10.047 INFO - Started HttpContext[/selenium-server,/selenium-server]
18:04:10.047 INFO - Started HttpContext[/,/]
18:04:12.563 INFO - Started org.openqa.jetty.jetty.servlet.ServletHandler@7cf1bb78
18:04:12.563 INFO - Started HttpContext[/wd,/wd]
18:04:14.854 INFO - Started org.openqa.jetty.jetty.servlet.ServletHandler@2ca6d51e
18:04:14.854 INFO - Started HttpContext[/wd,/wd]
18:04:22.977 INFO - Java: Sun Microsystems Inc. 19.0-b06
18:04:22.978 INFO - OS: Linux 2.6.36-gentoo-r5 amd64
18:04:22.983 INFO - v2.0 [a2], with Core v2.0 [a2]
18:04:23.045 INFO - RemoteWebDriver instances should connect to: http://192.168.0.101:4444/wd/hub
18:04:23.046 INFO - Version Jetty/5.1.x
18:04:23.047 INFO - Started HttpContext[/selenium-server/driver,/selenium-server/driver]
18:04:23.048 INFO - Started HttpContext[/selenium-server,/selenium-server]
18:04:23.048 INFO - Started HttpContext[/,/]
18:04:23.057 INFO - Started org.openqa.jetty.jetty.servlet.ServletHandler@2ca6d51e
18:04:23.057 INFO - Started HttpContext[/wd,/wd]
18:04:56.000 INFO - Java: Sun Microsystems Inc. 19.0-b06
18:04:56.001 INFO - OS: Linux 2.6.36-gentoo-r5 amd64
18:04:56.007 INFO - v2.0 [a2], with Core v2.0 [a2]
18:04:56.065 INFO - RemoteWebDriver instances should connect to: http://192.168.0.101:4444/wd/hub
18:04:56.066 INFO - Version Jetty/5.1.x
18:04:56.067 INFO - Started HttpContext[/selenium-server/driver,/selenium-server/driver]
18:04:56.067 INFO - Started HttpContext[/selenium-server,/selenium-server]
18:04:56.068 INFO - Started HttpContext[/,/]
18:04:58.043 INFO - Started org.openqa.jetty.jetty.servlet.ServletHandler@7f2a3793
18:04:58.044 INFO - Started HttpContext[/wd,/wd]
18:07:03.514 INFO - Java: Sun Microsystems Inc. 19.0-b06
18:07:03.515 INFO - OS: Linux 2.6.36-gentoo-r5 amd64
18:07:03.520 INFO - v2.0 [a2], with Core v2.0 [a2]
18:07:03.579 INFO - RemoteWebDriver instances should connect to: http://192.168.0.101:4444/wd/hub
18:07:03.580 INFO - Version Jetty/5.1.x
18:07:03.580 INFO - Started HttpContext[/selenium-server/driver,/selenium-server/driver]
18:07:03.581 INFO - Started HttpContext[/selenium-server,/selenium-server]
18:07:03.581 INFO - Started HttpContext[/,/]
18:07:45.216 INFO - Java: Sun Microsystems Inc. 19.0-b06
18:07:45.216 INFO - OS: Linux 2.6.36-gentoo-r5 amd64
18:07:45.222 INFO - v2.0 [a2], with Core v2.0 [a2]
18:07:45.282 INFO - RemoteWebDriver instances should connect to: http://192.168.0.101:4444/wd/hub
18:07:45.283 INFO - Version Jetty/5.1.x
18:07:45.284 INFO - Started HttpContext[/selenium-server/driver,/selenium-server/driver]
18:07:45.284 INFO - Started HttpContext[/selenium-server,/selenium-server]
18:07:45.284 INFO - Started HttpContext[/,/]
18:07:45.901 INFO - Started org.openqa.jetty.jetty.servlet.ServletHandler@329f671b
18:07:45.901 INFO - Started HttpContext[/wd,/wd]
18:08:02.405 INFO - Checking Resource aliases
18:08:02.411 INFO - Command request: getNewBrowserSession[*firefox, http://localhost:8000, , ] on session null
18:08:02.417 INFO - creating new remote session
18:08:02.519 INFO - Allocated session 93f5ef491af84f2bb9aace66b6c3f1cb for http://localhost:8000, launching...
18:08:02.557 INFO - Preparing Firefox profile...
18:08:04.610 INFO - Launching Firefox...
18:08:06.317 INFO - Got result: OK,93f5ef491af84f2bb9aace66b6c3f1cb on session 93f5ef491af84f2bb9aace66b6c3f1cb
18:08:46.902 INFO - Java: Sun Microsystems Inc. 19.0-b06
18:08:46.903 INFO - OS: Linux 2.6.36-gentoo-r5 amd64
18:08:46.908 INFO - v2.0 [a2], with Core v2.0 [a2]
18:08:46.967 INFO - RemoteWebDriver instances should connect to: http://192.168.0.101:4444/wd/hub
18:08:46.968 INFO - Version Jetty/5.1.x
18:08:46.969 INFO - Started HttpContext[/selenium-server/driver,/selenium-server/driver]
18:08:46.969 INFO - Started HttpContext[/selenium-server,/selenium-server]
18:08:46.969 INFO - Started HttpContext[/,/]
18:08:47.806 INFO - Command request: getNewBrowserSession[*firefox, http://localhost:8000, , ] on session null
18:08:47.807 INFO - creating new remote session
18:08:47.807 INFO - Allocated session d117462526914016b2d709678c2a6a69 for http://localhost:8000, launching...
18:08:47.822 INFO - Preparing Firefox profile...
18:08:49.736 INFO - Launching Firefox...
18:08:51.289 INFO - Got result: OK,d117462526914016b2d709678c2a6a69 on session d117462526914016b2d709678c2a6a69
18:08:51.291 INFO - Command request: setTimeout[300000, ] on session d117462526914016b2d709678c2a6a69
18:08:51.307 INFO - Got result: OK on session d117462526914016b2d709678c2a6a69
18:08:51.309 INFO - Command request: open[/register, ] on session d117462526914016b2d709678c2a6a69
18:08:51.340 INFO - Got result: XHR ERROR: URL = http://localhost:8000/register Response_Code = -1 Error_Message = Request Error on session d117462526914016b2d709678c2a6a69
18:08:51.342 INFO - Command request: testComplete[, ] on session d117462526914016b2d709678c2a6a69
18:08:51.342 INFO - Killing Firefox...
18:08:51.418 INFO - Got result: OK on session d117462526914016b2d709678c2a6a69
18:08:53.228 INFO - Java: Sun Microsystems Inc. 19.0-b06
18:08:53.229 INFO - OS: Linux 2.6.36-gentoo-r5 amd64
18:08:53.234 INFO - v2.0 [a2], with Core v2.0 [a2]
18:08:53.293 INFO - RemoteWebDriver instances should connect to: http://192.168.0.101:4444/wd/hub
18:08:53.294 INFO - Version Jetty/5.1.x
18:08:53.295 INFO - Started HttpContext[/selenium-server/driver,/selenium-server/driver]
18:08:53.295 INFO - Started HttpContext[/selenium-server,/selenium-server]
18:08:53.296 INFO - Started HttpContext[/,/]
18:08:54.133 INFO - Command request: getNewBrowserSession[*firefox, http://localhost:8000, , ] on session null
18:08:54.133 INFO - creating new remote session
18:08:54.133 INFO - Allocated session 380ebda2b27e442e99f2f14acb945c99 for http://localhost:8000, launching...
18:08:54.147 INFO - Preparing Firefox profile...
18:08:56.066 INFO - Launching Firefox...
18:08:57.623 INFO - Got result: OK,380ebda2b27e442e99f2f14acb945c99 on session 380ebda2b27e442e99f2f14acb945c99
18:08:57.626 INFO - Command request: setTimeout[300000, ] on session 380ebda2b27e442e99f2f14acb945c99
18:08:57.641 INFO - Got result: OK on session 380ebda2b27e442e99f2f14acb945c99
18:08:57.643 INFO - Command request: open[/register, ] on session 380ebda2b27e442e99f2f14acb945c99
18:08:57.673 INFO - Got result: XHR ERROR: URL = http://localhost:8000/register Response_Code = -1 Error_Message = Request Error on session 380ebda2b27e442e99f2f14acb945c99
18:08:57.691 INFO - Command request: testComplete[, ] on session 380ebda2b27e442e99f2f14acb945c99
18:08:57.691 INFO - Killing Firefox...
18:08:57.771 INFO - Got result: OK on session 380ebda2b27e442e99f2f14acb945c99
18:09:00.021 INFO - Started org.openqa.jetty.jetty.servlet.ServletHandler@2ca6d51e
18:09:00.021 INFO - Started HttpContext[/wd,/wd]
18:09:07.332 INFO - Started org.openqa.jetty.jetty.servlet.ServletHandler@624b035d
18:09:07.333 INFO - Started HttpContext[/wd,/wd]
18:10:10.453 INFO - Java: Sun Microsystems Inc. 19.0-b06
18:10:10.454 INFO - OS: Linux 2.6.36-gentoo-r5 amd64
18:10:10.459 INFO - v2.0 [a2], with Core v2.0 [a2]
18:10:10.518 INFO - RemoteWebDriver instances should connect to: http://192.168.0.101:4444/wd/hub
18:10:10.519 INFO - Version Jetty/5.1.x
18:10:10.519 INFO - Started HttpContext[/selenium-server/driver,/selenium-server/driver]
18:10:10.520 INFO - Started HttpContext[/selenium-server,/selenium-server]
18:10:10.520 INFO - Started HttpContext[/,/]
18:10:11.357 INFO - Command request: getNewBrowserSession[*firefox, http://localhost:4567, , ] on session null
18:10:11.357 INFO - creating new remote session
18:10:11.358 INFO - Allocated session 489a7a954fa54b2ab0a5c64ede863694 for http://localhost:4567, launching...
18:10:11.368 INFO - Preparing Firefox profile...
18:10:13.281 INFO - Launching Firefox...
18:10:14.837 INFO - Got result: OK,489a7a954fa54b2ab0a5c64ede863694 on session 489a7a954fa54b2ab0a5c64ede863694
18:10:14.840 INFO - Command request: setTimeout[300000, ] on session 489a7a954fa54b2ab0a5c64ede863694
18:10:14.854 INFO - Got result: OK on session 489a7a954fa54b2ab0a5c64ede863694
18:10:14.856 INFO - Command request: open[/register, ] on session 489a7a954fa54b2ab0a5c64ede863694
18:10:14.882 INFO - Got result: XHR ERROR: URL = http://localhost:4567/register Response_Code = 404 Error_Message = Not Found  on session 489a7a954fa54b2ab0a5c64ede863694
18:10:14.884 INFO - Command request: testComplete[, ] on session 489a7a954fa54b2ab0a5c64ede863694
18:10:14.885 INFO - Killing Firefox...
18:10:14.890 INFO - Got result: OK on session 489a7a954fa54b2ab0a5c64ede863694
18:10:16.705 INFO - Java: Sun Microsystems Inc. 19.0-b06
18:10:16.706 INFO - OS: Linux 2.6.36-gentoo-r5 amd64
18:10:16.711 INFO - v2.0 [a2], with Core v2.0 [a2]
18:10:16.773 INFO - RemoteWebDriver instances should connect to: http://192.168.0.101:4444/wd/hub
18:10:16.774 INFO - Version Jetty/5.1.x
18:10:16.774 INFO - Started HttpContext[/selenium-server/driver,/selenium-server/driver]
18:10:16.775 INFO - Started HttpContext[/selenium-server,/selenium-server]
18:10:16.775 INFO - Started HttpContext[/,/]
18:10:17.609 INFO - Command request: getNewBrowserSession[*firefox, http://localhost:4567, , ] on session null
18:10:17.609 INFO - creating new remote session
18:10:17.609 INFO - Allocated session 3051f41122c64b7da307627a7128c39a for http://localhost:4567, launching...
18:10:17.619 INFO - Preparing Firefox profile...
18:10:17.710 INFO - Started org.openqa.jetty.jetty.servlet.ServletHandler@2ca6d51e
18:10:17.710 INFO - Started HttpContext[/wd,/wd]
18:10:19.538 INFO - Launching Firefox...
18:10:21.089 INFO - Got result: OK,3051f41122c64b7da307627a7128c39a on session 3051f41122c64b7da307627a7128c39a
18:10:21.091 INFO - Command request: setTimeout[300000, ] on session 3051f41122c64b7da307627a7128c39a
18:10:21.111 INFO - Got result: OK on session 3051f41122c64b7da307627a7128c39a
18:10:21.113 INFO - Command request: open[/register, ] on session 3051f41122c64b7da307627a7128c39a
18:10:21.131 INFO - Got result: XHR ERROR: URL = http://localhost:4567/register Response_Code = 404 Error_Message = Not Found  on session 3051f41122c64b7da307627a7128c39a
18:10:21.146 INFO - Command request: testComplete[, ] on session 3051f41122c64b7da307627a7128c39a
18:10:21.147 INFO - Killing Firefox...
18:10:21.152 INFO - Got result: OK on session 3051f41122c64b7da307627a7128c39a
18:10:21.957 INFO - Started org.openqa.jetty.jetty.servlet.ServletHandler@2ca6d51e
18:10:21.957 INFO - Started HttpContext[/wd,/wd]
